<?xml version="1.0" encoding="UTF-8"?>
<!-- Generated by org.testng.reporters.JUnitReportReporter -->
<testsuite hostname="LAPTOP-5B9G6GKJ" failures="0" tests="1" name="TestCase.PopularpageTest" time="0.203" errors="0" timestamp="2022-10-20T11:57:18 IST" skipped="0">
  <testcase classname="TestCase.PopularpageTest" name="testSomeMethod" time="0.203"/>
  <system-out/>
</testsuite> <!-- TestCase.PopularpageTest -->
