<?xml version="1.0" encoding="UTF-8"?>
<!-- Generated by org.testng.reporters.JUnitReportReporter -->
<testsuite hostname="LAPTOP-5B9G6GKJ" failures="0" tests="1" name="TestCase.PopularMakepageTest" time="7.224" errors="0" timestamp="2022-10-20T12:14:52 IST" skipped="0">
  <testcase classname="TestCase.PopularMakepageTest" name="testSomeMethod" time="7.224"/>
  <system-out/>
</testsuite> <!-- TestCase.PopularMakepageTest -->
