<?xml version="1.0" encoding="UTF-8"?>
<!-- Generated by org.testng.reporters.JUnitReportReporter -->
<testsuite hostname="LAPTOP-5B9G6GKJ" failures="0" tests="1" name="TestCase.RegisterpageTest" time="1.791" errors="0" timestamp="2022-10-20T00:12:06 IST" skipped="0">
  <testcase classname="TestCase.RegisterpageTest" name="testExistingInputFields" time="1.791"/>
  <system-out/>
</testsuite> <!-- TestCase.RegisterpageTest -->
