<?xml version="1.0" encoding="UTF-8"?>
<!-- Generated by org.testng.reporters.JUnitReportReporter -->
<testsuite hostname="LAPTOP-5B9G6GKJ" failures="0" tests="1" name="TestCase.LoginpageTest" time="2.256" errors="0" timestamp="2022-10-19T23:20:43 IST" skipped="0">
  <testcase classname="TestCase.LoginpageTest" name="loginTest" time="2.256"/>
  <system-out/>
</testsuite> <!-- TestCase.LoginpageTest -->
